<?xml version="1.0" encoding="UTF-8"?>
<testsuite xmlns:xsi="http://www.w3.org/2001/XMLSchema-instance" xsi:noNamespaceSchemaLocation="https://maven.apache.org/surefire/maven-surefire-plugin/xsd/surefire-test-report-3.0.xsd" version="3.0" name="com.gerenciador_backlog_api.GerenciadorBacklogApiApplicationTests" time="3.37" tests="1" errors="0" skipped="0" failures="0">
  <properties>
[...]
</properties>
  <testcase name="contextLoads" classname="com.gerenciador_backlog_api.GerenciadorBacklogApiApplicationTests" time="0.997">
    <system-out><![CDATA[22:00:02.844 [main] INFO org.springframework.test.context.support.AnnotationConfigContextLoaderUtils -- Could not detect default configuration classes for test class [com.gerenciador_backlog_api.GerenciadorBacklogApiApplicationTests]: GerenciadorBacklogApiApplicationTests does not declare any static, non-private, non-final, nested classes annotated with @Configuration.
22:00:02.941 [main] INFO org.springframework.boot.test.context.SpringBootTestContextBootstrapper -- Found @SpringBootConfiguration com.gerenciador_backlog_api.GerenciadorBacklogApiApplication for test class com.gerenciador_backlog_api.GerenciadorBacklogApiApplicationTests
22:00:03.035 [main] INFO org.springframework.boot.devtools.restart.RestartApplicationListener -- Restart disabled due to context in which it is running

  .   ____          _            __ _ _
 /\\ / ___'_ __ _ _(_)_ __  __ _ \ \ \ \
( ( )\___ | '_ | '_| | '_ \/ _` | \ \ \ \
 \\/  ___)| |_)| | | | | || (_| |  ) ) ) )
  '  |____| .__|_| |_|_| |_\__, | / / / /
 =========|_|==============|___/=/_/_/_/
 :: Spring Boot ::                (v3.2.5)

2026-03-26T22:00:03.174-03:00  INFO 30217 --- [gerenciador-backlog-api] [           main] .g.GerenciadorBacklogApiApplicationTests : Starting GerenciadorBacklogApiApplicationTests using Java 21.0.10 with PID 30217 (started by user in /home/user/Developer/backlog-api)
2026-03-26T22:00:03.175-03:00  INFO 30217 --- [gerenciador-backlog-api] [           main] .g.GerenciadorBacklogApiApplicationTests : No active profile set, falling back to 1 default profile: "default"
2026-03-26T22:00:03.640-03:00  INFO 30217 --- [gerenciador-backlog-api] [           main] .s.d.r.c.RepositoryConfigurationDelegate : Bootstrapping Spring Data MongoDB repositories in DEFAULT mode.
2026-03-26T22:00:03.671-03:00  INFO 30217 --- [gerenciador-backlog-api] [           main] .s.d.r.c.RepositoryConfigurationDelegate : Finished Spring Data repository scanning in 28 ms. Found 2 MongoDB repository interfaces.
2026-03-26T22:00:04.134-03:00  INFO 30217 --- [gerenciador-backlog-api] [           main] org.mongodb.driver.client                : MongoClient with metadata {"driver": {"name": "mongo-java-driver|sync|spring-boot", "version": "4.11.2"}, "os": {"type": "Linux", "name": "Linux", "architecture": "amd64", "version": "6.19.8-200.fc43.x86_64"}, "platform": "Java/Red Hat, Inc./21.0.10+7"} created with settings MongoClientSettings{readPreference=primary, writeConcern=WriteConcern{w=null, wTimeout=null ms, journal=null}, retryWrites=true, retryReads=true, readConcern=ReadConcern{level=null}, credential=MongoCredential{mechanism=null, userName='backlog_db_user', source='admin', password=<hidden>, mechanismProperties=<hidden>}, transportSettings=null, streamFactoryFactory=null, commandListeners=[], codecRegistry=ProvidersCodecRegistry{codecProviders=[ValueCodecProvider{}, BsonValueCodecProvider{}, DBRefCodecProvider{}, DBObjectCodecProvider{}, DocumentCodecProvider{}, CollectionCodecProvider{}, IterableCodecProvider{}, MapCodecProvider{}, GeoJsonCodecProvider{}, GridFSFileCodecProvider{}, Jsr310CodecProvider{}, JsonObjectCodecProvider{}, BsonCodecProvider{}, EnumCodecProvider{}, com.mongodb.client.model.mql.ExpressionCodecProvider@472d0f4, com.mongodb.Jep395RecordCodecProvider@4bc59b27, com.mongodb.KotlinCodecProvider@4d7a64ca]}, loggerSettings=LoggerSettings{maxDocumentLength=1000}, clusterSettings={hosts=[127.0.0.1:27017], srvHost=gerenciador-backlog.mf4w3jg.mongodb.net, srvServiceName=mongodb, mode=MULTIPLE, requiredClusterType=REPLICA_SET, requiredReplicaSetName='atlas-y9l4t4-shard-0', serverSelector='null', clusterListeners='[]', serverSelectionTimeout='30000 ms', localThreshold='15 ms'}, socketSettings=SocketSettings{connectTimeoutMS=10000, readTimeoutMS=0, receiveBufferSize=0, proxySettings=ProxySettings{host=null, port=null, username=null, password=null}}, heartbeatSocketSettings=SocketSettings{connectTimeoutMS=10000, readTimeoutMS=10000, receiveBufferSize=0, proxySettings=ProxySettings{host=null, port=null, username=null, password=null}}, connectionPoolSettings=ConnectionPoolSettings{maxSize=100, minSize=0, maxWaitTimeMS=120000, maxConnectionLifeTimeMS=0, maxConnectionIdleTimeMS=0, maintenanceInitialDelayMS=0, maintenanceFrequencyMS=60000, connectionPoolListeners=[], maxConnecting=2}, serverSettings=ServerSettings{heartbeatFrequencyMS=10000, minHeartbeatFrequencyMS=500, serverListeners='[]', serverMonitorListeners='[]'}, sslSettings=SslSettings{enabled=true, invalidHostNameAllowed=false, context=null}, applicationName='null', compressorList=[], uuidRepresentation=JAVA_LEGACY, serverApi=null, autoEncryptionSettings=null, dnsClient=null, inetAddressResolver=null, contextProvider=null}
2026-03-26T22:00:04.227-03:00  INFO 30217 --- [gerenciador-backlog-api] [3jg.mongodb.net] org.mongodb.driver.cluster               : Adding discovered server ac-ewy2i0k-shard-00-02.mf4w3jg.mongodb.net:27017 to client view of cluster
2026-03-26T22:00:04.245-03:00  INFO 30217 --- [gerenciador-backlog-api] [3jg.mongodb.net] org.mongodb.driver.cluster               : Adding discovered server ac-ewy2i0k-shard-00-01.mf4w3jg.mongodb.net:27017 to client view of cluster
2026-03-26T22:00:04.247-03:00  INFO 30217 --- [gerenciador-backlog-api] [3jg.mongodb.net] org.mongodb.driver.cluster               : Adding discovered server ac-ewy2i0k-shard-00-00.mf4w3jg.mongodb.net:27017 to client view of cluster
2026-03-26T22:00:04.942-03:00  INFO 30217 --- [gerenciador-backlog-api] [ngodb.net:27017] org.mongodb.driver.cluster               : Monitor thread successfully connected to server with description ServerDescription{address=ac-ewy2i0k-shard-00-02.mf4w3jg.mongodb.net:27017, type=REPLICA_SET_SECONDARY, state=CONNECTED, ok=true, minWireVersion=0, maxWireVersion=25, maxDocumentSize=16777216, logicalSessionTimeoutMinutes=30, roundTripTimeNanos=362939617, setName='atlas-y9l4t4-shard-0', canonicalAddress=ac-ewy2i0k-shard-00-02.mf4w3jg.mongodb.net:27017, hosts=[ac-ewy2i0k-shard-00-00.mf4w3jg.mongodb.net:27017, ac-ewy2i0k-shard-00-01.mf4w3jg.mongodb.net:27017, ac-ewy2i0k-shard-00-02.mf4w3jg.mongodb.net:27017], passives=[], arbiters=[], primary='ac-ewy2i0k-shard-00-01.mf4w3jg.mongodb.net:27017', tagSet=TagSet{[Tag{name='availabilityZone', value='sae1-az2'}, Tag{name='diskState', value='READY'}, Tag{name='nodeType', value='ELECTABLE'}, Tag{name='provider', value='AWS'}, Tag{name='region', value='SA_EAST_1'}, Tag{name='workloadType', value='OPERATIONAL'}]}, electionId=null, setVersion=15, topologyVersion=TopologyVersion{processId=69bda578596ecc34e6cb83e9, counter=3}, lastWriteDate=Thu Mar 26 22:00:04 BRT 2026, lastUpdateTimeNanos=15953857403494}
2026-03-26T22:00:04.944-03:00  INFO 30217 --- [gerenciador-backlog-api] [ngodb.net:27017] org.mongodb.driver.cluster               : Monitor thread successfully connected to server with description ServerDescription{address=ac-ewy2i0k-shard-00-01.mf4w3jg.mongodb.net:27017, type=REPLICA_SET_PRIMARY, state=CONNECTED, ok=true, minWireVersion=0, maxWireVersion=25, maxDocumentSize=16777216, logicalSessionTimeoutMinutes=30, roundTripTimeNanos=362940756, setName='atlas-y9l4t4-shard-0', canonicalAddress=ac-ewy2i0k-shard-00-01.mf4w3jg.mongodb.net:27017, hosts=[ac-ewy2i0k-shard-00-00.mf4w3jg.mongodb.net:27017, ac-ewy2i0k-shard-00-01.mf4w3jg.mongodb.net:27017, ac-ewy2i0k-shard-00-02.mf4w3jg.mongodb.net:27017], passives=[], arbiters=[], primary='ac-ewy2i0k-shard-00-01.mf4w3jg.mongodb.net:27017', tagSet=TagSet{[Tag{name='availabilityZone', value='sae1-az3'}, Tag{name='diskState', value='READY'}, Tag{name='nodeType', value='ELECTABLE'}, Tag{name='provider', value='AWS'}, Tag{name='region', value='SA_EAST_1'}, Tag{name='workloadType', value='OPERATIONAL'}]}, electionId=7fffffff00000000000000d8, setVersion=15, topologyVersion=TopologyVersion{processId=69bda3486d6a7a3226f13f62, counter=6}, lastWriteDate=Thu Mar 26 22:00:04 BRT 2026, lastUpdateTimeNanos=15953857403517}
2026-03-26T22:00:04.946-03:00  INFO 30217 --- [gerenciador-backlog-api] [ngodb.net:27017] org.mongodb.driver.cluster               : Discovered replica set primary ac-ewy2i0k-shard-00-01.mf4w3jg.mongodb.net:27017 with max election id 7fffffff00000000000000d8 and max set version 15
2026-03-26T22:00:04.947-03:00  INFO 30217 --- [gerenciador-backlog-api] [ngodb.net:27017] org.mongodb.driver.cluster               : Monitor thread successfully connected to server with description ServerDescription{address=ac-ewy2i0k-shard-00-00.mf4w3jg.mongodb.net:27017, type=REPLICA_SET_SECONDARY, state=CONNECTED, ok=true, minWireVersion=0, maxWireVersion=25, maxDocumentSize=16777216, logicalSessionTimeoutMinutes=30, roundTripTimeNanos=324435071, setName='atlas-y9l4t4-shard-0', canonicalAddress=ac-ewy2i0k-shard-00-00.mf4w3jg.mongodb.net:27017, hosts=[ac-ewy2i0k-shard-00-00.mf4w3jg.mongodb.net:27017, ac-ewy2i0k-shard-00-01.mf4w3jg.mongodb.net:27017, ac-ewy2i0k-shard-00-02.mf4w3jg.mongodb.net:27017], passives=[], arbiters=[], primary='ac-ewy2i0k-shard-00-01.mf4w3jg.mongodb.net:27017', tagSet=TagSet{[Tag{name='availabilityZone', value='sae1-az1'}, Tag{name='diskState', value='READY'}, Tag{name='nodeType', value='ELECTABLE'}, Tag{name='provider', value='AWS'}, Tag{name='region', value='SA_EAST_1'}, Tag{name='workloadType', value='OPERATIONAL'}]}, electionId=null, setVersion=15, topologyVersion=TopologyVersion{processId=69bda41076a4cce5ea626354, counter=4}, lastWriteDate=Thu Mar 26 22:00:04 BRT 2026, lastUpdateTimeNanos=15953864261697}
2026-03-26T22:00:05.060-03:00  INFO 30217 --- [gerenciador-backlog-api] [           main] .g.GerenciadorBacklogApiApplicationTests : Started GerenciadorBacklogApiApplicationTests in 2.032 seconds (process running for 2.717)
]]></system-out>
    <system-err><![CDATA[WARNING: A Java agent has been loaded dynamically (/home/user/.m2/repository/net/bytebuddy/byte-buddy-agent/1.14.13/byte-buddy-agent-1.14.13.jar)
WARNING: If a serviceability tool is in use, please run with -XX:+EnableDynamicAgentLoading to hide this warning
WARNING: If a serviceability tool is not in use, please run with -Djdk.instrument.traceUsage for more information
WARNING: Dynamic loading of agents will be disallowed by default in a future release
]]></system-err>
  </testcase>
</testsuite>